[debug] [2021-11-03T16:34:18.037Z] ----------------------------------------------------------------------
[debug] [2021-11-03T16:34:18.047Z] Command:       C:\Program Files\nodejs\node.exe C:\Users\Azam corporation\AppData\Roaming\npm\node_modules\firebase-tools\lib\bin\firebase.js init
[debug] [2021-11-03T16:34:18.049Z] CLI Version:   9.21.0
[debug] [2021-11-03T16:34:18.049Z] Platform:      win32
[debug] [2021-11-03T16:34:18.050Z] Node Version:  v14.17.1
[debug] [2021-11-03T16:34:18.143Z] Time:          Wed Nov 03 2021 22:34:18 GMT+0600 (Bangladesh Standard Time)
[debug] [2021-11-03T16:34:18.144Z] ----------------------------------------------------------------------
[debug] 
[debug] [2021-11-03T16:34:18.170Z] >>> [apiv2][query] GET https://firebase-public.firebaseio.com/cli.json [none]
[debug] [2021-11-03T16:34:18.259Z] > command requires scopes: ["email","openid","https://www.googleapis.com/auth/cloudplatformprojects.readonly","https://www.googleapis.com/auth/firebase","https://www.googleapis.com/auth/cloud-platform"]
[debug] [2021-11-03T16:34:18.259Z] > authorizing via signed-in user (showravdas8@gmail.com)
[info] 
     ######## #### ########  ######## ########     ###     ######  ########
     ##        ##  ##     ## ##       ##     ##  ##   ##  ##       ##
     ######    ##  ########  ######   ########  #########  ######  ######
     ##        ##  ##    ##  ##       ##     ## ##     ##       ## ##
     ##       #### ##     ## ######## ########  ##     ##  ######  ########

You're about to initialize a Firebase project in this directory:

  G:\Web-develope\food-delivery

[debug] [2021-11-03T16:34:21.069Z] <<< [apiv2][status] GET https://firebase-public.firebaseio.com/cli.json 200
[debug] [2021-11-03T16:34:21.070Z] <<< [apiv2][body] GET https://firebase-public.firebaseio.com/cli.json {"cloudBuildErrorAfter":1594252800000,"cloudBuildWarnAfter":1590019200000,"defaultNode10After":1594252800000,"minVersion":"3.0.5","node8DeploysDisabledAfter":1613390400000,"node8RuntimeDisabledAfter":1615809600000,"node8WarnAfter":1600128000000}
